<?xml version="1.0" encoding="UTF-8"?>
<coverage generated="1709824158272" clover="3.2.0">
  <project timestamp="1709824158273" name="All files">
    <metrics statements="26" coveredstatements="15" conditionals="5" coveredconditionals="3" methods="12" coveredmethods="7" elements="43" coveredelements="25" complexity="0" loc="26" ncloc="26" packages="1" files="1" classes="1"/>
    <file name="entityauction.entity.ts" path="C:\Users\felip\Projetos\TesteSoftware\src\customer\auctioncustomer\entityauction.entity.ts">
      <metrics statements="26" coveredstatements="15" conditionals="5" coveredconditionals="3" methods="12" coveredmethods="7"/>
      <line num="10" count="1" type="stmt"/>
      <line num="18" count="3" type="stmt"/>
      <line num="19" count="3" type="stmt"/>
      <line num="20" count="3" type="stmt"/>
      <line num="21" count="3" type="cond" truecount="2" falsecount="0"/>
      <line num="22" count="3" type="stmt"/>
      <line num="26" count="1" type="stmt"/>
      <line num="30" count="0" type="stmt"/>
      <line num="34" count="1" type="stmt"/>
      <line num="39" count="0" type="stmt"/>
      <line num="43" count="3" type="stmt"/>
      <line num="48" count="0" type="stmt"/>
      <line num="49" count="0" type="stmt"/>
      <line num="50" count="0" type="cond" truecount="0" falsecount="1"/>
      <line num="51" count="0" type="stmt"/>
      <line num="52" count="0" type="stmt"/>
      <line num="57" count="2" type="stmt"/>
      <line num="61" count="0" type="stmt"/>
      <line num="65" count="1" type="stmt"/>
      <line num="69" count="0" type="stmt"/>
      <line num="73" count="1" type="stmt"/>
      <line num="74" count="1" type="stmt"/>
      <line num="76" count="1" type="cond" truecount="1" falsecount="1"/>
      <line num="77" count="0" type="stmt"/>
      <line num="78" count="0" type="stmt"/>
      <line num="80" count="1" type="stmt"/>
    </file>
  </project>
</coverage>
