<?xml version="1.0" encoding="UTF-8"?>
<coverage generated="1710428885220" clover="3.2.0">
  <project timestamp="1710428885220" name="All files">
    <metrics statements="17" coveredstatements="11" conditionals="4" coveredconditionals="4" methods="8" coveredmethods="2" elements="29" coveredelements="17" complexity="0" loc="17" ncloc="17" packages="2" files="2" classes="2"/>
    <package name="customer.user_customer">
      <metrics statements="10" coveredstatements="4" conditionals="0" coveredconditionals="0" methods="7" coveredmethods="1"/>
      <file name="entity_user.entity.ts" path="C:\Users\felip\Projetos\TesteSoftware\src\customer\user_customer\entity_user.entity.ts">
        <metrics statements="10" coveredstatements="4" conditionals="0" coveredconditionals="0" methods="7" coveredmethods="1"/>
        <line num="9" count="1" type="stmt"/>
        <line num="15" count="2" type="stmt"/>
        <line num="16" count="2" type="stmt"/>
        <line num="17" count="2" type="stmt"/>
        <line num="21" count="0" type="stmt"/>
        <line num="25" count="0" type="stmt"/>
        <line num="29" count="0" type="stmt"/>
        <line num="33" count="0" type="stmt"/>
        <line num="37" count="0" type="stmt"/>
        <line num="41" count="0" type="stmt"/>
      </file>
    </package>
    <package name="services">
      <metrics statements="7" coveredstatements="7" conditionals="4" coveredconditionals="4" methods="1" coveredmethods="1"/>
      <file name="UserServices.ts" path="C:\Users\felip\Projetos\TesteSoftware\src\services\UserServices.ts">
        <metrics statements="7" coveredstatements="7" conditionals="4" coveredconditionals="4" methods="1" coveredmethods="1"/>
        <line num="1" count="1" type="stmt"/>
        <line num="3" count="1" type="stmt"/>
        <line num="9" count="4" type="cond" truecount="4" falsecount="0"/>
        <line num="10" count="3" type="stmt"/>
        <line num="15" count="1" type="stmt"/>
        <line num="17" count="1" type="stmt"/>
        <line num="19" count="1" type="stmt"/>
      </file>
    </package>
  </project>
</coverage>
