{"C:\\Users\\felip\\Projetos\\TesteSoftware\\src\\customer\\auctioncustomer\\entityauction.entity.ts": {"path":"C:\\Users\\felip\\Projetos\\TesteSoftware\\src\\customer\\auctioncustomer\\entityauction.entity.ts","statementMap":{"0":{"start":{"line":18,"column":6},"end":{"line":18,"column":30}},"1":{"start":{"line":19,"column":6},"end":{"line":19,"column":32}},"2":{"start":{"line":20,"column":6},"end":{"line":20,"column":28}},"3":{"start":{"line":21,"column":6},"end":{"line":21,"column":42}},"4":{"start":{"line":22,"column":6},"end":{"line":22,"column":32}},"5":{"start":{"line":26,"column":6},"end":{"line":26,"column":null}},"6":{"start":{"line":30,"column":7},"end":{"line":30,"column":26}},"7":{"start":{"line":34,"column":6},"end":{"line":34,"column":null}},"8":{"start":{"line":39,"column":7},"end":{"line":39,"column":27}},"9":{"start":{"line":43,"column":6},"end":{"line":43,"column":null}},"10":{"start":{"line":48,"column":17},"end":{"line":48,"column":27}},"11":{"start":{"line":49,"column":18},"end":{"line":49,"column":28}},"12":{"start":{"line":50,"column":6},"end":{"line":53,"column":7}},"13":{"start":{"line":51,"column":8},"end":{"line":51,"column":null}},"14":{"start":{"line":52,"column":8},"end":{"line":52,"column":null}},"15":{"start":{"line":57,"column":6},"end":{"line":57,"column":null}},"16":{"start":{"line":61,"column":7},"end":{"line":61,"column":28}},"17":{"start":{"line":65,"column":6},"end":{"line":65,"column":null}},"18":{"start":{"line":69,"column":7},"end":{"line":69,"column":27}},"19":{"start":{"line":73,"column":27},"end":{"line":73,"column":37}},"20":{"start":{"line":74,"column":26},"end":{"line":74,"column":36}},"21":{"start":{"line":76,"column":6},"end":{"line":81,"column":7}},"22":{"start":{"line":77,"column":25},"end":{"line":77,"column":51}},"23":{"start":{"line":78,"column":8},"end":{"line":78,"column":null}},"24":{"start":{"line":80,"column":8},"end":{"line":80,"column":null}},"25":{"start":{"line":10,"column":0},"end":{"line":10,"column":13}}},"fnMap":{"0":{"name":"(anonymous_0)","decl":{"start":{"line":17,"column":4},"end":{"line":17,"column":16}},"loc":{"start":{"line":17,"column":38},"end":{"line":23,"column":5}}},"1":{"name":"(anonymous_1)","decl":{"start":{"line":25,"column":4},"end":{"line":25,"column":8}},"loc":{"start":{"line":25,"column":12},"end":{"line":27,"column":5}}},"2":{"name":"(anonymous_2)","decl":{"start":{"line":29,"column":4},"end":{"line":29,"column":16}},"loc":{"start":{"line":29,"column":34},"end":{"line":31,"column":5}}},"3":{"name":"(anonymous_3)","decl":{"start":{"line":33,"column":4},"end":{"line":33,"column":8}},"loc":{"start":{"line":33,"column":13},"end":{"line":35,"column":5}}},"4":{"name":"(anonymous_4)","decl":{"start":{"line":37,"column":4},"end":{"line":37,"column":16}},"loc":{"start":{"line":37,"column":35},"end":{"line":40,"column":5}}},"5":{"name":"(anonymous_5)","decl":{"start":{"line":42,"column":4},"end":{"line":42,"column":8}},"loc":{"start":{"line":42,"column":13},"end":{"line":44,"column":5}}},"6":{"name":"(anonymous_6)","decl":{"start":{"line":46,"column":4},"end":{"line":46,"column":16}},"loc":{"start":{"line":46,"column":35},"end":{"line":54,"column":5}}},"7":{"name":"(anonymous_7)","decl":{"start":{"line":56,"column":4},"end":{"line":56,"column":8}},"loc":{"start":{"line":56,"column":14},"end":{"line":58,"column":5}}},"8":{"name":"(anonymous_8)","decl":{"start":{"line":60,"column":4},"end":{"line":60,"column":16}},"loc":{"start":{"line":60,"column":37},"end":{"line":62,"column":5}}},"9":{"name":"(anonymous_9)","decl":{"start":{"line":64,"column":4},"end":{"line":64,"column":8}},"loc":{"start":{"line":64,"column":13},"end":{"line":66,"column":5}}},"10":{"name":"(anonymous_10)","decl":{"start":{"line":68,"column":4},"end":{"line":68,"column":16}},"loc":{"start":{"line":68,"column":35},"end":{"line":70,"column":5}}},"11":{"name":"(anonymous_11)","decl":{"start":{"line":72,"column":11},"end":{"line":72,"column":17}},"loc":{"start":{"line":72,"column":51},"end":{"line":85,"column":5}}}},"branchMap":{"0":{"loc":{"start":{"line":21,"column":21},"end":{"line":21,"column":41}},"type":"binary-expr","locations":[{"start":{"line":21,"column":21},"end":{"line":21,"column":33}},{"start":{"line":21,"column":37},"end":{"line":21,"column":41}}]},"1":{"loc":{"start":{"line":50,"column":6},"end":{"line":53,"column":7}},"type":"if","locations":[{"start":{"line":50,"column":6},"end":{"line":53,"column":7}}]},"2":{"loc":{"start":{"line":76,"column":6},"end":{"line":81,"column":7}},"type":"if","locations":[{"start":{"line":76,"column":6},"end":{"line":81,"column":7}},{"start":{"line":79,"column":11},"end":{"line":81,"column":7}}]}},"s":{"0":3,"1":3,"2":3,"3":3,"4":3,"5":1,"6":0,"7":1,"8":0,"9":3,"10":0,"11":0,"12":0,"13":0,"14":0,"15":2,"16":0,"17":1,"18":0,"19":1,"20":1,"21":1,"22":0,"23":0,"24":1,"25":1},"f":{"0":3,"1":1,"2":0,"3":1,"4":0,"5":3,"6":0,"7":2,"8":0,"9":1,"10":0,"11":1},"b":{"0":[3,3],"1":[0],"2":[0,1]}}
}
