TN:
SF:src\customer\user_customer\entity_user.entity.ts
FN:14,(anonymous_0)
FN:20,(anonymous_1)
FN:24,(anonymous_2)
FN:28,(anonymous_3)
FN:32,(anonymous_4)
FN:36,(anonymous_5)
FN:40,(anonymous_6)
FNF:7
FNH:1
FNDA:2,(anonymous_0)
FNDA:0,(anonymous_1)
FNDA:0,(anonymous_2)
FNDA:0,(anonymous_3)
FNDA:0,(anonymous_4)
FNDA:0,(anonymous_5)
FNDA:0,(anonymous_6)
DA:9,1
DA:15,2
DA:16,2
DA:17,2
DA:21,0
DA:25,0
DA:29,0
DA:33,0
DA:37,0
DA:41,0
LF:10
LH:4
BRF:0
BRH:0
end_of_record
TN:
SF:src\services\UserServices.ts
FN:7,(anonymous_0)
FNF:1
FNH:1
FNDA:2,(anonymous_0)
DA:1,1
DA:3,1
DA:9,2
DA:10,1
DA:15,1
DA:17,1
DA:19,0
LF:7
LH:6
BRDA:9,0,0,1
BRDA:9,1,0,2
BRDA:9,1,1,2
BRDA:9,1,2,1
BRF:4
BRH:4
end_of_record
